<?xml version="1.0" encoding="UTF-8"?>
<!-- Generated by org.testng.reporters.JUnitXMLReporter -->
<testsuite hostname="LAPTOP-7C9MP4RJ" ignored="0" name="Default test" tests="6" failures="0" timestamp="2021-06-12T19:55:19 CEST" time="62.604" errors="0">
  <testcase name="createAccountWithAlreadyRegisteredEmail" time="4.098" classname="tests.SignInTests"/>
  <testcase name="createAccountWithInvalidEmail" time="3.396" classname="tests.SignInTests"/>
  <testcase name="signInWithValidCredentials" time="6.054" classname="tests.SignInTests"/>
  <testcase name="signInWithInvalidEmail" time="3.416" classname="tests.SignInTests"/>
  <testcase name="signInWithInvalidPassword" time="4.444" classname="tests.SignInTests"/>
  <testcase name="signInWithoutCredentials" time="4.433" classname="tests.SignInTests"/>
</testsuite> <!-- Default test -->
