<?xml version="1.0" encoding="UTF-8"?>
<testng-results skipped="0" failed="0" ignored="0" total="1" passed="1">
  <reporter-output>
  </reporter-output>
  <suite name="Default suite" duration-ms="57215" started-at="2021-06-15T20:32:17 CEST" finished-at="2021-06-15T20:33:14 CEST">
    <groups>
    </groups>
    <test name="Default test" duration-ms="57215" started-at="2021-06-15T20:32:17 CEST" finished-at="2021-06-15T20:33:14 CEST">
      <class name="tests.MyWishListsTests">
        <test-method status="PASS" signature="setUp()[pri:0, instance:tests.MyWishListsTests@fad74ee]" name="setUp" is-config="true" duration-ms="7556" started-at="2021-06-15T20:32:17 CEST" finished-at="2021-06-15T20:32:24 CEST">
          <reporter-output>
          </reporter-output>
        </test-method> <!-- setUp -->
        <test-method status="PASS" signature="navigateToPage()[pri:0, instance:tests.MyWishListsTests@fad74ee]" name="navigateToPage" is-config="true" duration-ms="28704" started-at="2021-06-15T20:32:24 CEST" finished-at="2021-06-15T20:32:53 CEST">
          <reporter-output>
          </reporter-output>
        </test-method> <!-- navigateToPage -->
        <test-method status="PASS" signature="createWishList()[pri:0, instance:tests.MyWishListsTests@fad74ee]" name="createWishList" duration-ms="12685" started-at="2021-06-15T20:32:53 CEST" finished-at="2021-06-15T20:33:06 CEST">
          <reporter-output>
          </reporter-output>
        </test-method> <!-- createWishList -->
        <test-method status="PASS" signature="deleteCookies()[pri:0, instance:tests.MyWishListsTests@fad74ee]" name="deleteCookies" is-config="true" duration-ms="7418" started-at="2021-06-15T20:33:06 CEST" finished-at="2021-06-15T20:33:13 CEST">
          <reporter-output>
          </reporter-output>
        </test-method> <!-- deleteCookies -->
        <test-method status="PASS" signature="closeDriver()[pri:0, instance:tests.MyWishListsTests@fad74ee]" name="closeDriver" is-config="true" duration-ms="704" started-at="2021-06-15T20:33:13 CEST" finished-at="2021-06-15T20:33:14 CEST">
          <reporter-output>
          </reporter-output>
        </test-method> <!-- closeDriver -->
      </class> <!-- tests.MyWishListsTests -->
    </test> <!-- Default test -->
  </suite> <!-- Default suite -->
</testng-results>
