<?xml version="1.0" encoding="UTF-8"?>
<testng-results skipped="0" failed="0" ignored="0" total="6" passed="6">
  <reporter-output>
  </reporter-output>
  <suite name="Default suite" duration-ms="62604" started-at="2021-06-12T19:54:17 CEST" finished-at="2021-06-12T19:55:19 CEST">
    <groups>
    </groups>
    <test name="Default test" duration-ms="62604" started-at="2021-06-12T19:54:17 CEST" finished-at="2021-06-12T19:55:19 CEST">
      <class name="tests.SignInTests">
        <test-method status="PASS" signature="setUp()[pri:0, instance:tests.SignInTests@fad74ee]" name="setUp" is-config="true" duration-ms="5468" started-at="2021-06-12T19:54:17 CEST" finished-at="2021-06-12T19:54:22 CEST">
          <reporter-output>
          </reporter-output>
        </test-method> <!-- setUp -->
        <test-method status="PASS" signature="navigateToPage()[pri:0, instance:tests.SignInTests@fad74ee]" name="navigateToPage" is-config="true" duration-ms="7403" started-at="2021-06-12T19:54:22 CEST" finished-at="2021-06-12T19:54:30 CEST">
          <reporter-output>
          </reporter-output>
        </test-method> <!-- navigateToPage -->
        <test-method status="PASS" signature="createAccountWithAlreadyRegisteredEmail()[pri:1, instance:tests.SignInTests@fad74ee]" name="createAccountWithAlreadyRegisteredEmail" duration-ms="4098" started-at="2021-06-12T19:54:30 CEST" finished-at="2021-06-12T19:54:34 CEST">
          <reporter-output>
          </reporter-output>
        </test-method> <!-- createAccountWithAlreadyRegisteredEmail -->
        <test-method status="PASS" signature="deleteCookies()[pri:0, instance:tests.SignInTests@fad74ee]" name="deleteCookies" is-config="true" duration-ms="975" started-at="2021-06-12T19:54:34 CEST" finished-at="2021-06-12T19:54:35 CEST">
          <reporter-output>
          </reporter-output>
        </test-method> <!-- deleteCookies -->
        <test-method status="PASS" signature="navigateToPage()[pri:0, instance:tests.SignInTests@fad74ee]" name="navigateToPage" is-config="true" duration-ms="1932" started-at="2021-06-12T19:54:35 CEST" finished-at="2021-06-12T19:54:37 CEST">
          <reporter-output>
          </reporter-output>
        </test-method> <!-- navigateToPage -->
        <test-method status="PASS" signature="createAccountWithInvalidEmail()[pri:3, instance:tests.SignInTests@fad74ee]" name="createAccountWithInvalidEmail" duration-ms="3396" started-at="2021-06-12T19:54:37 CEST" finished-at="2021-06-12T19:54:40 CEST">
          <reporter-output>
          </reporter-output>
        </test-method> <!-- createAccountWithInvalidEmail -->
        <test-method status="PASS" signature="deleteCookies()[pri:0, instance:tests.SignInTests@fad74ee]" name="deleteCookies" is-config="true" duration-ms="1270" started-at="2021-06-12T19:54:40 CEST" finished-at="2021-06-12T19:54:41 CEST">
          <reporter-output>
          </reporter-output>
        </test-method> <!-- deleteCookies -->
        <test-method status="PASS" signature="navigateToPage()[pri:0, instance:tests.SignInTests@fad74ee]" name="navigateToPage" is-config="true" duration-ms="1788" started-at="2021-06-12T19:54:41 CEST" finished-at="2021-06-12T19:54:43 CEST">
          <reporter-output>
          </reporter-output>
        </test-method> <!-- navigateToPage -->
        <test-method status="PASS" signature="signInWithValidCredentials()[pri:5, instance:tests.SignInTests@fad74ee]" name="signInWithValidCredentials" duration-ms="6054" started-at="2021-06-12T19:54:43 CEST" finished-at="2021-06-12T19:54:49 CEST">
          <reporter-output>
          </reporter-output>
        </test-method> <!-- signInWithValidCredentials -->
        <test-method status="PASS" signature="deleteCookies()[pri:0, instance:tests.SignInTests@fad74ee]" name="deleteCookies" is-config="true" duration-ms="2685" started-at="2021-06-12T19:54:49 CEST" finished-at="2021-06-12T19:54:52 CEST">
          <reporter-output>
          </reporter-output>
        </test-method> <!-- deleteCookies -->
        <test-method status="PASS" signature="navigateToPage()[pri:0, instance:tests.SignInTests@fad74ee]" name="navigateToPage" is-config="true" duration-ms="1567" started-at="2021-06-12T19:54:52 CEST" finished-at="2021-06-12T19:54:54 CEST">
          <reporter-output>
          </reporter-output>
        </test-method> <!-- navigateToPage -->
        <test-method status="PASS" signature="signInWithInvalidEmail()[pri:6, instance:tests.SignInTests@fad74ee]" name="signInWithInvalidEmail" duration-ms="3416" started-at="2021-06-12T19:54:54 CEST" finished-at="2021-06-12T19:54:57 CEST">
          <reporter-output>
          </reporter-output>
        </test-method> <!-- signInWithInvalidEmail -->
        <test-method status="PASS" signature="deleteCookies()[pri:0, instance:tests.SignInTests@fad74ee]" name="deleteCookies" is-config="true" duration-ms="1598" started-at="2021-06-12T19:54:57 CEST" finished-at="2021-06-12T19:54:59 CEST">
          <reporter-output>
          </reporter-output>
        </test-method> <!-- deleteCookies -->
        <test-method status="PASS" signature="navigateToPage()[pri:0, instance:tests.SignInTests@fad74ee]" name="navigateToPage" is-config="true" duration-ms="3715" started-at="2021-06-12T19:54:59 CEST" finished-at="2021-06-12T19:55:02 CEST">
          <reporter-output>
          </reporter-output>
        </test-method> <!-- navigateToPage -->
        <test-method status="PASS" signature="signInWithInvalidPassword()[pri:7, instance:tests.SignInTests@fad74ee]" name="signInWithInvalidPassword" duration-ms="4444" started-at="2021-06-12T19:55:02 CEST" finished-at="2021-06-12T19:55:07 CEST">
          <reporter-output>
          </reporter-output>
        </test-method> <!-- signInWithInvalidPassword -->
        <test-method status="PASS" signature="deleteCookies()[pri:0, instance:tests.SignInTests@fad74ee]" name="deleteCookies" is-config="true" duration-ms="2761" started-at="2021-06-12T19:55:07 CEST" finished-at="2021-06-12T19:55:09 CEST">
          <reporter-output>
          </reporter-output>
        </test-method> <!-- deleteCookies -->
        <test-method status="PASS" signature="navigateToPage()[pri:0, instance:tests.SignInTests@fad74ee]" name="navigateToPage" is-config="true" duration-ms="3373" started-at="2021-06-12T19:55:09 CEST" finished-at="2021-06-12T19:55:13 CEST">
          <reporter-output>
          </reporter-output>
        </test-method> <!-- navigateToPage -->
        <test-method status="PASS" signature="signInWithoutCredentials()[pri:8, instance:tests.SignInTests@fad74ee]" name="signInWithoutCredentials" duration-ms="4433" started-at="2021-06-12T19:55:13 CEST" finished-at="2021-06-12T19:55:17 CEST">
          <reporter-output>
          </reporter-output>
        </test-method> <!-- signInWithoutCredentials -->
        <test-method status="PASS" signature="deleteCookies()[pri:0, instance:tests.SignInTests@fad74ee]" name="deleteCookies" is-config="true" duration-ms="1901" started-at="2021-06-12T19:55:17 CEST" finished-at="2021-06-12T19:55:19 CEST">
          <reporter-output>
          </reporter-output>
        </test-method> <!-- deleteCookies -->
        <test-method status="PASS" signature="closeDriver()[pri:0, instance:tests.SignInTests@fad74ee]" name="closeDriver" is-config="true" duration-ms="237" started-at="2021-06-12T19:55:19 CEST" finished-at="2021-06-12T19:55:19 CEST">
          <reporter-output>
          </reporter-output>
        </test-method> <!-- closeDriver -->
      </class> <!-- tests.SignInTests -->
    </test> <!-- Default test -->
  </suite> <!-- Default suite -->
</testng-results>
